2019-03-07 12:01:07,623-BasePage-INFO-The element was click 
2019-03-07 12:01:16,566-BasePage-INFO-输入内容:today is wednesday
2019-03-07 12:01:17,713-BasePage-INFO-The element was click 
2019-03-07 12:01:37,251-BasePage-INFO-The element was click 
2019-03-07 12:01:39,342-BasePage-INFO-The element was click 
2019-03-07 12:02:13,384-BasePage-INFO-长按成功
2019-03-07 12:02:13,847-BasePage-INFO-The element was click 
2019-03-07 12:02:14,667-BasePage-INFO-The element was click 
2019-03-07 12:02:27,844-BasePage-INFO-长按成功
2019-03-07 12:02:28,551-BasePage-INFO-The element was click 
2019-03-07 12:02:29,114-BasePage-INFO-找到页面元素('id', 'com.pdswp.su.smartcalendar:id/note_title')
2019-03-07 12:02:29,150-BasePage-INFO-取得的内容:<appium.webdriver.webelement.WebElement (session="4e9bb8e1-d08f-4c51-b503-011665dc9fe0", element="6")>
2019-03-07 12:02:29,196-BasePage-INFO-找到页面元素('id', 'com.pdswp.su.smartcalendar:id/notelistview')
2019-03-07 12:02:29,240-BasePage-INFO-取得的内容:<appium.webdriver.webelement.WebElement (session="4e9bb8e1-d08f-4c51-b503-011665dc9fe0", element="7")>
2019-03-07 12:02:29,512-BasePage-INFO-The element was click 
2019-03-07 12:02:31,588-BasePage-INFO-The element was click 
2019-03-07 12:02:33,778-BasePage-INFO-The element was click 
2019-03-07 12:02:34,329-BasePage-INFO-向左滑动成功
2019-03-07 12:02:34,790-BasePage-INFO-The element was click 
2019-03-07 12:02:54,163-BasePage-INFO-The element was click 
2019-03-07 12:02:56,234-BasePage-INFO-The element was click 
2019-03-07 12:03:32,089-BasePage-INFO-The element was click 
2019-03-07 12:03:34,259-BasePage-INFO-The element was click 
